<?xml version="1.0" encoding="UTF-8"?>
<!-- Generated by org.testng.reporters.JUnitReportReporter -->
<testsuite hostname="Marisol" name="testWeb.RunTestSuites" tests="1" failures="0" timestamp="9 Aug 2015 17:01:27 GMT" time="71.633" errors="0">
  <testcase name="ExecutionTestCase" time="71.633" classname="testWeb.RunTestSuites"/>
</testsuite> <!-- testWeb.RunTestSuites -->
