<?xml version="1.0" encoding="UTF-8"?>
<!-- Generated by org.testng.reporters.JUnitReportReporter -->
<testsuite hostname="Marisol" name="testWeb.Steps" tests="1" failures="0" timestamp="25 May 2015 20:33:16 GMT" time="0.035" errors="0">
  <testcase name="Ste" time="0.035" classname="testWeb.Steps"/>
</testsuite> <!-- testWeb.Steps -->
